2022-05-02 19:40:55,478 fail2ban.server         [509]: INFO    --------------------------------------------------
2022-05-02 19:40:55,478 fail2ban.server         [509]: INFO    Starting Fail2ban v0.11.2
2022-05-02 19:40:55,479 fail2ban.observer       [509]: INFO    Observer start...
2022-05-02 19:40:55,578 fail2ban.database       [509]: INFO    Connected to fail2ban persistent database '/config/fail2ban/fail2ban.sqlite3'
2022-05-02 19:40:55,580 fail2ban.database       [509]: WARNING New database created. Version '4'
2022-05-02 19:40:55,580 fail2ban.jail           [509]: INFO    Creating new jail 'nginx-http-auth'
2022-05-02 19:40:55,592 fail2ban.jail           [509]: INFO    Jail 'nginx-http-auth' uses poller {}
2022-05-02 19:40:55,593 fail2ban.jail           [509]: INFO    Initiated 'polling' backend
2022-05-02 19:40:55,598 fail2ban.filter         [509]: INFO      maxRetry: 5
2022-05-02 19:40:55,598 fail2ban.filter         [509]: INFO      findtime: 600
2022-05-02 19:40:55,598 fail2ban.actions        [509]: INFO      banTime: 600
2022-05-02 19:40:55,598 fail2ban.filter         [509]: INFO      encoding: UTF-8
2022-05-02 19:40:55,599 fail2ban.filter         [509]: INFO    Added logfile: '/config/log/nginx/error.log' (pos = 0, hash = da39a3ee5e6b4b0d3255bfef95601890afd80709)
2022-05-02 19:40:55,599 fail2ban.jail           [509]: INFO    Creating new jail 'nginx-botsearch'
2022-05-02 19:40:55,600 fail2ban.jail           [509]: INFO    Jail 'nginx-botsearch' uses poller {}
2022-05-02 19:40:55,600 fail2ban.jail           [509]: INFO    Initiated 'polling' backend
2022-05-02 19:40:55,605 fail2ban.datedetector   [509]: INFO      date pattern `'{^LN-BEG}%ExY(?P<_sep>[-/.])%m(?P=_sep)%d[T ]%H:%M:%S(?:[.,]%f)?(?:\\s*%z)?'`: `{^LN-BEG}ExYear(?P<_sep>[-/.])Month(?P=_sep)Day[T ]24hour:Minute:Second(?:[.,]Microseconds)?(?:\s*Zone offset)?`
2022-05-02 19:40:55,607 fail2ban.filter         [509]: INFO      maxRetry: 2
2022-05-02 19:40:55,607 fail2ban.filter         [509]: INFO      findtime: 600
2022-05-02 19:40:55,607 fail2ban.actions        [509]: INFO      banTime: 600
2022-05-02 19:40:55,607 fail2ban.filter         [509]: INFO      encoding: UTF-8
2022-05-02 19:40:55,607 fail2ban.filter         [509]: INFO    Added logfile: '/config/log/nginx/access.log' (pos = 0, hash = da39a3ee5e6b4b0d3255bfef95601890afd80709)
2022-05-02 19:40:55,608 fail2ban.jail           [509]: INFO    Creating new jail 'nginx-badbots'
2022-05-02 19:40:55,609 fail2ban.jail           [509]: INFO    Jail 'nginx-badbots' uses poller {}
2022-05-02 19:40:55,609 fail2ban.jail           [509]: INFO    Initiated 'polling' backend
2022-05-02 19:40:55,619 fail2ban.filter         [509]: INFO      maxRetry: 2
2022-05-02 19:40:55,619 fail2ban.filter         [509]: INFO      findtime: 600
2022-05-02 19:40:55,619 fail2ban.actions        [509]: INFO      banTime: 600
2022-05-02 19:40:55,619 fail2ban.filter         [509]: INFO      encoding: UTF-8
2022-05-02 19:40:55,619 fail2ban.filter         [509]: INFO    Added logfile: '/config/log/nginx/access.log' (pos = 0, hash = da39a3ee5e6b4b0d3255bfef95601890afd80709)
2022-05-02 19:40:55,620 fail2ban.jail           [509]: INFO    Creating new jail 'nginx-deny'
2022-05-02 19:40:55,621 fail2ban.jail           [509]: INFO    Jail 'nginx-deny' uses poller {}
2022-05-02 19:40:55,621 fail2ban.jail           [509]: INFO    Initiated 'polling' backend
2022-05-02 19:40:55,622 fail2ban.filter         [509]: INFO      maxRetry: 5
2022-05-02 19:40:55,623 fail2ban.filter         [509]: INFO      findtime: 600
2022-05-02 19:40:55,623 fail2ban.actions        [509]: INFO      banTime: 600
2022-05-02 19:40:55,623 fail2ban.filter         [509]: INFO      encoding: UTF-8
2022-05-02 19:40:55,623 fail2ban.filter         [509]: INFO    Added logfile: '/config/log/nginx/error.log' (pos = 0, hash = da39a3ee5e6b4b0d3255bfef95601890afd80709)
2022-05-02 19:40:55,623 fail2ban.jail           [509]: INFO    Creating new jail 'nginx-unauthorized'
2022-05-02 19:40:55,624 fail2ban.jail           [509]: INFO    Jail 'nginx-unauthorized' uses poller {}
2022-05-02 19:40:55,624 fail2ban.jail           [509]: INFO    Initiated 'polling' backend
2022-05-02 19:40:55,626 fail2ban.filter         [509]: INFO      maxRetry: 5
2022-05-02 19:40:55,626 fail2ban.filter         [509]: INFO      findtime: 600
2022-05-02 19:40:55,626 fail2ban.actions        [509]: INFO      banTime: 600
2022-05-02 19:40:55,626 fail2ban.filter         [509]: INFO      encoding: UTF-8
2022-05-02 19:40:55,626 fail2ban.filter         [509]: INFO    Added logfile: '/config/log/nginx/unauthorized.log' (pos = 0, hash = da39a3ee5e6b4b0d3255bfef95601890afd80709)
2022-05-02 19:40:55,628 fail2ban.jail           [509]: INFO    Jail 'nginx-http-auth' started
2022-05-02 19:40:55,628 fail2ban.jail           [509]: INFO    Jail 'nginx-botsearch' started
2022-05-02 19:40:55,629 fail2ban.jail           [509]: INFO    Jail 'nginx-badbots' started
2022-05-02 19:40:55,630 fail2ban.jail           [509]: INFO    Jail 'nginx-deny' started
2022-05-02 19:40:55,630 fail2ban.jail           [509]: INFO    Jail 'nginx-unauthorized' started
2022-05-02 22:39:42,569 fail2ban.server         [509]: INFO    Shutdown in progress...
2022-05-02 22:39:42,569 fail2ban.observer       [509]: INFO    Observer stop ... try to end queue 5 seconds
2022-05-02 22:39:42,591 fail2ban.observer       [509]: INFO    Observer stopped, 0 events remaining.
2022-05-02 22:39:42,631 fail2ban.server         [509]: INFO    Stopping all jails
2022-05-02 22:39:42,631 fail2ban.filter         [509]: INFO    Removed logfile: '/config/log/nginx/error.log'
2022-05-02 22:39:42,632 fail2ban.filter         [509]: INFO    Removed logfile: '/config/log/nginx/access.log'
2022-05-02 22:39:42,632 fail2ban.filter         [509]: INFO    Removed logfile: '/config/log/nginx/access.log'
2022-05-02 22:39:42,632 fail2ban.filter         [509]: INFO    Removed logfile: '/config/log/nginx/error.log'
2022-05-02 22:39:42,632 fail2ban.filter         [509]: INFO    Removed logfile: '/config/log/nginx/unauthorized.log'
2022-05-02 22:39:43,029 fail2ban.actions        [509]: NOTICE  [nginx-http-auth] Flush ticket(s) with iptables-allports
2022-05-02 22:39:43,030 fail2ban.actions        [509]: NOTICE  [nginx-unauthorized] Flush ticket(s) with iptables-allports
2022-05-02 22:39:43,030 fail2ban.actions        [509]: NOTICE  [nginx-deny] Flush ticket(s) with iptables-allports
2022-05-02 22:39:43,030 fail2ban.actions        [509]: NOTICE  [nginx-botsearch] Flush ticket(s) with iptables-allports
2022-05-02 22:39:43,030 fail2ban.actions        [509]: NOTICE  [nginx-badbots] Flush ticket(s) with iptables-allports
2022-05-02 22:39:43,030 fail2ban.jail           [509]: INFO    Jail 'nginx-http-auth' stopped
2022-05-02 22:39:43,031 fail2ban.jail           [509]: INFO    Jail 'nginx-botsearch' stopped
2022-05-02 22:39:43,031 fail2ban.jail           [509]: INFO    Jail 'nginx-badbots' stopped
2022-05-02 22:39:43,031 fail2ban.jail           [509]: INFO    Jail 'nginx-deny' stopped
2022-05-02 22:39:43,031 fail2ban.jail           [509]: INFO    Jail 'nginx-unauthorized' stopped
2022-05-02 22:39:43,031 fail2ban.database       [509]: INFO    Connection to database closed.
2022-05-02 22:39:43,032 fail2ban.server         [509]: INFO    Exiting Fail2ban
